#-----------------------------------------------------------
# Vivado v2019.2 (64-bit)
# SW Build 2708876 on Wed Nov  6 21:40:23 MST 2019
# IP Build 2700528 on Thu Nov  7 00:09:20 MST 2019
# Start of session at: Mon Jan 10 04:15:58 2022
# Process ID: 6844
# Current directory: D:/Desktop/cpu
# Command line: vivado.exe -gui_launcher_event rodinguilauncherevent13268 D:\Desktop\cpu\cpu.xpr
# Log file: D:/Desktop/cpu/vivado.log
# Journal file: D:/Desktop/cpu\vivado.jou
#-----------------------------------------------------------
start_gui
open_project D:/Desktop/cpu/cpu.xpr
Scanning sources...
Finished scanning sources
INFO: [IP_Flow 19-234] Refreshing IP repositories
INFO: [IP_Flow 19-1704] No user IP repositories specified
INFO: [IP_Flow 19-2313] Loaded Vivado IP repository 'D:/Xilinx/Vivado/2019.2/data/ip'.
update_compile_order -fileset sources_1
exit
INFO: [Common 17-206] Exiting Vivado at Mon Jan 10 04:16:28 2022...
